<?xml version="1.0" encoding="UTF-8"?>
<testsuites name="Airbnb" time="54.405" tests="3" failures="0" errors="0">
   <testsuite name="Airbnb" tests="3" failures="0" errors="0" time="54.405" skipped="0" timestamp="2022-07-08 12:00:35" hostname="jules - 192.168.2.22" id="Test Suites/Airbnb">
      <properties>
         <property name="deviceName" value=""/>
         <property name="devicePlatform" value=""/>
         <property name="logFolder" value="C:\\Users\\jules\\git\\katalon_demo\\Reports\\20220708_120028\\Airbnb\\20220708_120029"/>
         <property name="logFiles" value="C:\\Users\\jules\\git\\katalon_demo\\Reports\\20220708_120028\\Airbnb\\20220708_120029\\execution0.log"/>
         <property name="attachments" value=""/>
         <property name="hostName" value="jules - 192.168.2.22"/>
         <property name="os" value="Windows 10 64bit"/>
         <property name="katalonVersion" value="8.3.5.208"/>
         <property name="browser" value="Chrome 103.0.5060.114"/>
         <property name="hostAddress" value="192.168.2.22"/>
         <property name="sessionId" value="edead640d5beabcd6294ad43d70af53a"/>
         <property name="seleniumVersion" value="3.141.59"/>
         <property name="proxyInformation" value="ProxyInformation { proxyOption=NO_PROXY, proxyServerType=HTTP, username=, password=********, proxyServerAddress=, proxyServerPort=0, executionList=&quot;&quot;, isApplyToDesiredCapabilities=true }"/>
         <property name="platform" value="Windows 10"/>
      </properties>
      <testcase name="Test Cases/Data_Driven_testing/Find_a_place" time="15.285" classname="Test Cases/Data_Driven_testing/Find_a_place" status="PASSED">
         <system-out><![CDATA[2022-07-08 12:00:35 - [TEST_CASE][PASSED] - Test Cases/Data_Driven_testing/Find_a_place: Test Cases/Data_Driven_testing/Find_a_place

2022-07-08 12:00:36 - [TEST_STEP][PASSED] - openBrowser(""): Browser is opened with url: ''

2022-07-08 12:00:36 - [MESSAGE][INFO] - Starting 'Chrome' driver

2022-07-08 12:00:36 - [MESSAGE][INFO] - Action delay is set to 0 milliseconds

2022-07-08 12:00:38 - [MESSAGE][PASSED] - Browser is opened with url: ''

2022-07-08 12:00:38 - [TEST_STEP][PASSED] - navigateToUrl("https://www.airbnb.ca/?locale=en&_set_bev_on_new_domain=1657288456_NmU1NzQ3MDAzZjY1"): Navigate to 'https://www.airbnb.ca/?locale=en&_set_bev_on_new_domain=1657288456_NmU1NzQ3MDAzZjY1' successfully

2022-07-08 12:00:40 - [MESSAGE][PASSED] - Navigate to 'https://www.airbnb.ca/?locale=en&_set_bev_on_new_domain=1657288456_NmU1NzQ3MDAzZjY1' successfully

2022-07-08 12:00:40 - [TEST_STEP][PASSED] - click(findTestObject("Object Repository/Airbnb pages/Page_Vacation Homes  Condo Rentals - Airbnb_f5c50c/div_Anywhere")): Object: 'Object Repository/Airbnb pages/Page_Vacation Homes  Condo Rentals - Airbnb_f5c50c/div_Anywhere' is clicked on

2022-07-08 12:00:43 - [MESSAGE][PASSED] - Object: 'Object Repository/Airbnb pages/Page_Vacation Homes  Condo Rentals - Airbnb_f5c50c/div_Anywhere' is clicked on

2022-07-08 12:00:43 - [TEST_STEP][PASSED] - setText(findTestObject("Object Repository/Airbnb pages/Page_Vacation Homes  Condo Rentals - Airbnb_f5c50c/input_Where_query"), "Montreal"): Text 'Montreal' is set on object 'Object Repository/Airbnb pages/Page_Vacation Homes  Condo Rentals - Airbnb_f5c50c/input_Where_query'

2022-07-08 12:00:44 - [MESSAGE][PASSED] - Text 'Montreal' is set on object 'Object Repository/Airbnb pages/Page_Vacation Homes  Condo Rentals - Airbnb_f5c50c/input_Where_query'

2022-07-08 12:00:44 - [TEST_STEP][PASSED] - click(findTestObject("Object Repository/Airbnb pages/Page_Vacation Homes  Condo Rentals - Airbnb_f5c50c/div_Toronto, ON")): Object: 'Object Repository/Airbnb pages/Page_Vacation Homes  Condo Rentals - Airbnb_f5c50c/div_Toronto, ON' is clicked on

2022-07-08 12:00:45 - [MESSAGE][PASSED] - Object: 'Object Repository/Airbnb pages/Page_Vacation Homes  Condo Rentals - Airbnb_f5c50c/div_Toronto, ON' is clicked on

2022-07-08 12:00:45 - [TEST_STEP][PASSED] - click(findTestObject("Object Repository/Airbnb pages/Page_Vacation Homes  Condo Rentals - Airbnb_f5c50c/div_22")): Object: 'Object Repository/Airbnb pages/Page_Vacation Homes  Condo Rentals - Airbnb_f5c50c/div_22' is clicked on

2022-07-08 12:00:46 - [MESSAGE][PASSED] - Object: 'Object Repository/Airbnb pages/Page_Vacation Homes  Condo Rentals - Airbnb_f5c50c/div_22' is clicked on

2022-07-08 12:00:46 - [TEST_STEP][PASSED] - click(findTestObject("Object Repository/Airbnb pages/Page_Vacation Homes  Condo Rentals - Airbnb_f5c50c/div_23")): Object: 'Object Repository/Airbnb pages/Page_Vacation Homes  Condo Rentals - Airbnb_f5c50c/div_23' is clicked on

2022-07-08 12:00:46 - [MESSAGE][PASSED] - Object: 'Object Repository/Airbnb pages/Page_Vacation Homes  Condo Rentals - Airbnb_f5c50c/div_23' is clicked on

2022-07-08 12:00:46 - [TEST_STEP][PASSED] - click(findTestObject("Object Repository/Airbnb pages/Page_Vacation Homes  Condo Rentals - Airbnb_f5c50c/span_Add guests__kaq6tx")): Object: 'Object Repository/Airbnb pages/Page_Vacation Homes  Condo Rentals - Airbnb_f5c50c/span_Add guests__kaq6tx' is clicked on

2022-07-08 12:00:47 - [MESSAGE][PASSED] - Object: 'Object Repository/Airbnb pages/Page_Vacation Homes  Condo Rentals - Airbnb_f5c50c/span_Add guests__kaq6tx' is clicked on

2022-07-08 12:00:47 - [TEST_STEP][PASSED] - click(findTestObject("Object Repository/Airbnb pages/Page_Jul. 8, 2022 - Toronto Sublets, Short _3890d7/img_Rare find_FMP-target")): Object: 'Object Repository/Airbnb pages/Page_Jul. 8, 2022 - Toronto Sublets, Short _3890d7/img_Rare find_FMP-target' is clicked on

2022-07-08 12:00:50 - [MESSAGE][PASSED] - Object: 'Object Repository/Airbnb pages/Page_Jul. 8, 2022 - Toronto Sublets, Short _3890d7/img_Rare find_FMP-target' is clicked on]]></system-out>
         <system-err><![CDATA[]]></system-err>
      </testcase>
      <testcase name="Test Cases/Data_Driven_testing/Find_a_place" time="24.389" classname="Test Cases/Data_Driven_testing/Find_a_place" status="PASSED">
         <system-out><![CDATA[2022-07-08 12:00:50 - [TEST_CASE][PASSED] - Test Cases/Data_Driven_testing/Find_a_place: Test Cases/Data_Driven_testing/Find_a_place

2022-07-08 12:00:50 - [TEST_STEP][PASSED] - openBrowser(""): Browser is opened with url: ''

2022-07-08 12:00:50 - [MESSAGE][WARNING] - A browser is already opened. Closing browser and opening a new one

2022-07-08 12:00:51 - [MESSAGE][INFO] - Starting 'Chrome' driver

2022-07-08 12:00:51 - [MESSAGE][INFO] - Action delay is set to 0 milliseconds

2022-07-08 12:00:52 - [MESSAGE][PASSED] - Browser is opened with url: ''

2022-07-08 12:00:52 - [TEST_STEP][PASSED] - navigateToUrl("https://www.airbnb.ca/?locale=en&_set_bev_on_new_domain=1657288456_NmU1NzQ3MDAzZjY1"): Navigate to 'https://www.airbnb.ca/?locale=en&_set_bev_on_new_domain=1657288456_NmU1NzQ3MDAzZjY1' successfully

2022-07-08 12:00:54 - [MESSAGE][PASSED] - Navigate to 'https://www.airbnb.ca/?locale=en&_set_bev_on_new_domain=1657288456_NmU1NzQ3MDAzZjY1' successfully

2022-07-08 12:00:54 - [TEST_STEP][PASSED] - click(findTestObject("Object Repository/Airbnb pages/Page_Vacation Homes  Condo Rentals - Airbnb_f5c50c/div_Anywhere")): Object: 'Object Repository/Airbnb pages/Page_Vacation Homes  Condo Rentals - Airbnb_f5c50c/div_Anywhere' is clicked on

2022-07-08 12:00:57 - [MESSAGE][PASSED] - Object: 'Object Repository/Airbnb pages/Page_Vacation Homes  Condo Rentals - Airbnb_f5c50c/div_Anywhere' is clicked on

2022-07-08 12:00:57 - [TEST_STEP][PASSED] - setText(findTestObject("Object Repository/Airbnb pages/Page_Vacation Homes  Condo Rentals - Airbnb_f5c50c/input_Where_query"), "Montreal"): Text 'Montreal' is set on object 'Object Repository/Airbnb pages/Page_Vacation Homes  Condo Rentals - Airbnb_f5c50c/input_Where_query'

2022-07-08 12:00:58 - [MESSAGE][PASSED] - Text 'Montreal' is set on object 'Object Repository/Airbnb pages/Page_Vacation Homes  Condo Rentals - Airbnb_f5c50c/input_Where_query'

2022-07-08 12:00:58 - [TEST_STEP][PASSED] - click(findTestObject("Object Repository/Airbnb pages/Page_Vacation Homes  Condo Rentals - Airbnb_f5c50c/div_Toronto, ON")): Object: 'Object Repository/Airbnb pages/Page_Vacation Homes  Condo Rentals - Airbnb_f5c50c/div_Toronto, ON' is clicked on

2022-07-08 12:00:59 - [MESSAGE][PASSED] - Object: 'Object Repository/Airbnb pages/Page_Vacation Homes  Condo Rentals - Airbnb_f5c50c/div_Toronto, ON' is clicked on

2022-07-08 12:00:59 - [TEST_STEP][PASSED] - click(findTestObject("Object Repository/Airbnb pages/Page_Vacation Homes  Condo Rentals - Airbnb_f5c50c/div_22")): Object: 'Object Repository/Airbnb pages/Page_Vacation Homes  Condo Rentals - Airbnb_f5c50c/div_22' is clicked on

2022-07-08 12:01:10 - [MESSAGE][PASSED] - Object: 'Object Repository/Airbnb pages/Page_Vacation Homes  Condo Rentals - Airbnb_f5c50c/div_22' is clicked on

2022-07-08 12:01:10 - [TEST_STEP][PASSED] - click(findTestObject("Object Repository/Airbnb pages/Page_Vacation Homes  Condo Rentals - Airbnb_f5c50c/div_23")): Object: 'Object Repository/Airbnb pages/Page_Vacation Homes  Condo Rentals - Airbnb_f5c50c/div_23' is clicked on

2022-07-08 12:01:10 - [MESSAGE][PASSED] - Object: 'Object Repository/Airbnb pages/Page_Vacation Homes  Condo Rentals - Airbnb_f5c50c/div_23' is clicked on

2022-07-08 12:01:10 - [TEST_STEP][PASSED] - click(findTestObject("Object Repository/Airbnb pages/Page_Vacation Homes  Condo Rentals - Airbnb_f5c50c/span_Add guests__kaq6tx")): Object: 'Object Repository/Airbnb pages/Page_Vacation Homes  Condo Rentals - Airbnb_f5c50c/span_Add guests__kaq6tx' is clicked on

2022-07-08 12:01:11 - [MESSAGE][PASSED] - Object: 'Object Repository/Airbnb pages/Page_Vacation Homes  Condo Rentals - Airbnb_f5c50c/span_Add guests__kaq6tx' is clicked on

2022-07-08 12:01:11 - [TEST_STEP][PASSED] - click(findTestObject("Object Repository/Airbnb pages/Page_Jul. 8, 2022 - Toronto Sublets, Short _3890d7/img_Rare find_FMP-target")): Object: 'Object Repository/Airbnb pages/Page_Jul. 8, 2022 - Toronto Sublets, Short _3890d7/img_Rare find_FMP-target' is clicked on

2022-07-08 12:01:15 - [MESSAGE][PASSED] - Object: 'Object Repository/Airbnb pages/Page_Jul. 8, 2022 - Toronto Sublets, Short _3890d7/img_Rare find_FMP-target' is clicked on]]></system-out>
         <system-err><![CDATA[]]></system-err>
      </testcase>
      <testcase name="Test Cases/Data_Driven_testing/Find_a_place" time="14.14" classname="Test Cases/Data_Driven_testing/Find_a_place" status="PASSED">
         <system-out><![CDATA[2022-07-08 12:01:15 - [TEST_CASE][PASSED] - Test Cases/Data_Driven_testing/Find_a_place: Test Cases/Data_Driven_testing/Find_a_place

2022-07-08 12:01:15 - [TEST_STEP][PASSED] - openBrowser(""): Browser is opened with url: ''

2022-07-08 12:01:15 - [MESSAGE][WARNING] - A browser is already opened. Closing browser and opening a new one

2022-07-08 12:01:16 - [MESSAGE][INFO] - Starting 'Chrome' driver

2022-07-08 12:01:16 - [MESSAGE][INFO] - Action delay is set to 0 milliseconds

2022-07-08 12:01:17 - [MESSAGE][PASSED] - Browser is opened with url: ''

2022-07-08 12:01:17 - [TEST_STEP][PASSED] - navigateToUrl("https://www.airbnb.ca/?locale=en&_set_bev_on_new_domain=1657288456_NmU1NzQ3MDAzZjY1"): Navigate to 'https://www.airbnb.ca/?locale=en&_set_bev_on_new_domain=1657288456_NmU1NzQ3MDAzZjY1' successfully

2022-07-08 12:01:18 - [MESSAGE][PASSED] - Navigate to 'https://www.airbnb.ca/?locale=en&_set_bev_on_new_domain=1657288456_NmU1NzQ3MDAzZjY1' successfully

2022-07-08 12:01:18 - [TEST_STEP][PASSED] - click(findTestObject("Object Repository/Airbnb pages/Page_Vacation Homes  Condo Rentals - Airbnb_f5c50c/div_Anywhere")): Object: 'Object Repository/Airbnb pages/Page_Vacation Homes  Condo Rentals - Airbnb_f5c50c/div_Anywhere' is clicked on

2022-07-08 12:01:21 - [MESSAGE][PASSED] - Object: 'Object Repository/Airbnb pages/Page_Vacation Homes  Condo Rentals - Airbnb_f5c50c/div_Anywhere' is clicked on

2022-07-08 12:01:21 - [TEST_STEP][PASSED] - setText(findTestObject("Object Repository/Airbnb pages/Page_Vacation Homes  Condo Rentals - Airbnb_f5c50c/input_Where_query"), "Montreal"): Text 'Montreal' is set on object 'Object Repository/Airbnb pages/Page_Vacation Homes  Condo Rentals - Airbnb_f5c50c/input_Where_query'

2022-07-08 12:01:22 - [MESSAGE][PASSED] - Text 'Montreal' is set on object 'Object Repository/Airbnb pages/Page_Vacation Homes  Condo Rentals - Airbnb_f5c50c/input_Where_query'

2022-07-08 12:01:22 - [TEST_STEP][PASSED] - click(findTestObject("Object Repository/Airbnb pages/Page_Vacation Homes  Condo Rentals - Airbnb_f5c50c/div_Toronto, ON")): Object: 'Object Repository/Airbnb pages/Page_Vacation Homes  Condo Rentals - Airbnb_f5c50c/div_Toronto, ON' is clicked on

2022-07-08 12:01:23 - [MESSAGE][PASSED] - Object: 'Object Repository/Airbnb pages/Page_Vacation Homes  Condo Rentals - Airbnb_f5c50c/div_Toronto, ON' is clicked on

2022-07-08 12:01:23 - [TEST_STEP][PASSED] - click(findTestObject("Object Repository/Airbnb pages/Page_Vacation Homes  Condo Rentals - Airbnb_f5c50c/div_22")): Object: 'Object Repository/Airbnb pages/Page_Vacation Homes  Condo Rentals - Airbnb_f5c50c/div_22' is clicked on

2022-07-08 12:01:24 - [MESSAGE][PASSED] - Object: 'Object Repository/Airbnb pages/Page_Vacation Homes  Condo Rentals - Airbnb_f5c50c/div_22' is clicked on

2022-07-08 12:01:24 - [TEST_STEP][PASSED] - click(findTestObject("Object Repository/Airbnb pages/Page_Vacation Homes  Condo Rentals - Airbnb_f5c50c/div_23")): Object: 'Object Repository/Airbnb pages/Page_Vacation Homes  Condo Rentals - Airbnb_f5c50c/div_23' is clicked on

2022-07-08 12:01:25 - [MESSAGE][PASSED] - Object: 'Object Repository/Airbnb pages/Page_Vacation Homes  Condo Rentals - Airbnb_f5c50c/div_23' is clicked on

2022-07-08 12:01:25 - [TEST_STEP][PASSED] - click(findTestObject("Object Repository/Airbnb pages/Page_Vacation Homes  Condo Rentals - Airbnb_f5c50c/span_Add guests__kaq6tx")): Object: 'Object Repository/Airbnb pages/Page_Vacation Homes  Condo Rentals - Airbnb_f5c50c/span_Add guests__kaq6tx' is clicked on

2022-07-08 12:01:25 - [MESSAGE][PASSED] - Object: 'Object Repository/Airbnb pages/Page_Vacation Homes  Condo Rentals - Airbnb_f5c50c/span_Add guests__kaq6tx' is clicked on

2022-07-08 12:01:25 - [TEST_STEP][PASSED] - click(findTestObject("Object Repository/Airbnb pages/Page_Jul. 8, 2022 - Toronto Sublets, Short _3890d7/img_Rare find_FMP-target")): Object: 'Object Repository/Airbnb pages/Page_Jul. 8, 2022 - Toronto Sublets, Short _3890d7/img_Rare find_FMP-target' is clicked on

2022-07-08 12:01:29 - [MESSAGE][PASSED] - Object: 'Object Repository/Airbnb pages/Page_Jul. 8, 2022 - Toronto Sublets, Short _3890d7/img_Rare find_FMP-target' is clicked on]]></system-out>
         <system-err><![CDATA[]]></system-err>
      </testcase>
      <system-out><![CDATA[2022-07-08 12:00:35 - [TEST_SUITE][PASSED] - Airbnb: Test Cases/Data_Driven_testing/Find_a_place]]></system-out>
      <system-err><![CDATA[]]></system-err>
   </testsuite>
</testsuites>
