<?xml version="1.0" encoding="UTF-8"?>
<testsuites name="TS_RegressionTest" time="15.298" tests="2" failures="0" errors="0">
   <testsuite name="TS_RegressionTest" tests="2" failures="0" errors="0" time="15.298" skipped="0" timestamp="2022-07-14 11:13:36" hostname="jules - 192.168.2.22" id="Test Suites/TS_RegressionTest">
      <properties>
         <property name="deviceName" value=""/>
         <property name="devicePlatform" value=""/>
         <property name="logFolder" value="C:\\Users\\jules\\git\\katalon_demo\\Reports\\20220714_111331\\TS_RegressionTest\\20220714_111331"/>
         <property name="logFiles" value="C:\\Users\\jules\\git\\katalon_demo\\Reports\\20220714_111331\\TS_RegressionTest\\20220714_111331\\execution0.log"/>
         <property name="attachments" value=""/>
         <property name="hostName" value="jules - 192.168.2.22"/>
         <property name="os" value="Windows 10 64bit"/>
         <property name="katalonVersion" value="8.3.5.208"/>
         <property name="browser" value="Chrome 103.0.5060.114"/>
         <property name="hostAddress" value="192.168.2.22"/>
         <property name="sessionId" value="38bca86eb3a83e7cad433699939dbb7e"/>
         <property name="seleniumVersion" value="3.141.59"/>
         <property name="proxyInformation" value="ProxyInformation { proxyOption=NO_PROXY, proxyServerType=HTTP, username=, password=********, proxyServerAddress=, proxyServerPort=0, executionList=&quot;&quot;, isApplyToDesiredCapabilities=true }"/>
         <property name="platform" value="Windows 10"/>
      </properties>
      <testcase name="Test Cases/TS_RegressionTest" time="8.13" classname="Test Cases/TS_RegressionTest" status="PASSED">
         <system-out><![CDATA[2022-07-14 11:13:36 - [TEST_CASE][PASSED] - Test Cases/TS_RegressionTest: Test Cases/TS_RegressionTest

2022-07-14 11:13:36 - [TEST_STEP][PASSED] - openBrowser(""): Browser is opened with url: ''

2022-07-14 11:13:37 - [MESSAGE][INFO] - Starting 'Chrome' driver

2022-07-14 11:13:37 - [MESSAGE][INFO] - Action delay is set to 0 milliseconds

2022-07-14 11:13:39 - [MESSAGE][PASSED] - Browser is opened with url: ''

2022-07-14 11:13:39 - [TEST_STEP][PASSED] - navigateToUrl("https://demo-store.katalon.com/"): Navigate to 'https://demo-store.katalon.com/' successfully

2022-07-14 11:13:41 - [MESSAGE][PASSED] - Navigate to 'https://demo-store.katalon.com/' successfully

2022-07-14 11:13:41 - [TEST_STEP][PASSED] - click(findTestObject("Object Repository/Page_Zack Market/label_Descending")): Object: 'Object Repository/Page_Zack Market/label_Descending' is clicked on

2022-07-14 11:13:41 - [MESSAGE][PASSED] - Object: 'Object Repository/Page_Zack Market/label_Descending' is clicked on

2022-07-14 11:13:41 - [TEST_STEP][PASSED] - click(findTestObject("Object Repository/Page_Zack Market/img_x_card-img-top")): Object: 'Object Repository/Page_Zack Market/img_x_card-img-top' is clicked on

2022-07-14 11:13:42 - [MESSAGE][PASSED] - Object: 'Object Repository/Page_Zack Market/img_x_card-img-top' is clicked on

2022-07-14 11:13:42 - [TEST_STEP][PASSED] - click(findTestObject("Object Repository/Page_Zack Market/div_Brown_variants_color_pic__2r4gR")): Object: 'Object Repository/Page_Zack Market/div_Brown_variants_color_pic__2r4gR' is clicked on

2022-07-14 11:13:43 - [MESSAGE][PASSED] - Object: 'Object Repository/Page_Zack Market/div_Brown_variants_color_pic__2r4gR' is clicked on

2022-07-14 11:13:43 - [TEST_STEP][PASSED] - click(findTestObject("Object Repository/Page_Zack Market/button_XS")): Object: 'Object Repository/Page_Zack Market/button_XS' is clicked on

2022-07-14 11:13:43 - [MESSAGE][PASSED] - Object: 'Object Repository/Page_Zack Market/button_XS' is clicked on

2022-07-14 11:13:43 - [TEST_STEP][PASSED] - click(findTestObject("Object Repository/Page_Zack Market/a_XL")): Object: 'Object Repository/Page_Zack Market/a_XL' is clicked on

2022-07-14 11:13:44 - [MESSAGE][PASSED] - Object: 'Object Repository/Page_Zack Market/a_XL' is clicked on

2022-07-14 11:13:44 - [TEST_STEP][PASSED] - click(findTestObject("Object Repository/Page_Zack Market/input_All Products_auto_input__2ud9e")): Object: 'Object Repository/Page_Zack Market/input_All Products_auto_input__2ud9e' is clicked on

2022-07-14 11:13:44 - [MESSAGE][PASSED] - Object: 'Object Repository/Page_Zack Market/input_All Products_auto_input__2ud9e' is clicked on]]></system-out>
         <system-err><![CDATA[]]></system-err>
      </testcase>
      <testcase name="Test Cases/mytestcase" time="6.858" classname="Test Cases/mytestcase" status="PASSED">
         <system-out><![CDATA[2022-07-14 11:13:44 - [TEST_CASE][PASSED] - Test Cases/mytestcase: Test Cases/mytestcase

2022-07-14 11:13:44 - [TEST_STEP][PASSED] - openBrowser(""): Browser is opened with url: ''

2022-07-14 11:13:44 - [MESSAGE][WARNING] - A browser is already opened. Closing browser and opening a new one

2022-07-14 11:13:45 - [MESSAGE][INFO] - Starting 'Chrome' driver

2022-07-14 11:13:45 - [MESSAGE][INFO] - Action delay is set to 0 milliseconds

2022-07-14 11:13:46 - [MESSAGE][PASSED] - Browser is opened with url: ''

2022-07-14 11:13:46 - [TEST_STEP][PASSED] - navigateToUrl("https://demo-store.katalon.com/"): Navigate to 'https://demo-store.katalon.com/' successfully

2022-07-14 11:13:48 - [MESSAGE][PASSED] - Navigate to 'https://demo-store.katalon.com/' successfully

2022-07-14 11:13:48 - [TEST_STEP][PASSED] - click(findTestObject("Object Repository/Demo_store/Page_Zack Market/div_ORDER_checkbox_design__sArRO")): Object: 'Object Repository/Demo_store/Page_Zack Market/div_ORDER_checkbox_design__sArRO' is clicked on

2022-07-14 11:13:48 - [MESSAGE][PASSED] - Object: 'Object Repository/Demo_store/Page_Zack Market/div_ORDER_checkbox_design__sArRO' is clicked on

2022-07-14 11:13:48 - [TEST_STEP][PASSED] - click(findTestObject("Object Repository/Demo_store/Page_Zack Market/div_ORDER_checkbox_design__sArRO")): Object: 'Object Repository/Demo_store/Page_Zack Market/div_ORDER_checkbox_design__sArRO' is clicked on

2022-07-14 11:13:49 - [MESSAGE][PASSED] - Object: 'Object Repository/Demo_store/Page_Zack Market/div_ORDER_checkbox_design__sArRO' is clicked on

2022-07-14 11:13:49 - [TEST_STEP][PASSED] - click(findTestObject("Object Repository/Demo_store/Page_Zack Market/div_ORDER_checkbox_design__sArRO")): Object: 'Object Repository/Demo_store/Page_Zack Market/div_ORDER_checkbox_design__sArRO' is clicked on

2022-07-14 11:13:50 - [MESSAGE][PASSED] - Object: 'Object Repository/Demo_store/Page_Zack Market/div_ORDER_checkbox_design__sArRO' is clicked on

2022-07-14 11:13:50 - [TEST_STEP][PASSED] - click(findTestObject("Object Repository/Demo_store/Page_Zack Market/img_45.99 CAD_card-img-top")): Object: 'Object Repository/Demo_store/Page_Zack Market/img_45.99 CAD_card-img-top' is clicked on

2022-07-14 11:13:50 - [MESSAGE][PASSED] - Object: 'Object Repository/Demo_store/Page_Zack Market/img_45.99 CAD_card-img-top' is clicked on

2022-07-14 11:13:50 - [TEST_STEP][PASSED] - click(findTestObject("Object Repository/Demo_store/Page_Zack Market/span_Buy Now")): Object: 'Object Repository/Demo_store/Page_Zack Market/span_Buy Now' is clicked on

2022-07-14 11:13:51 - [MESSAGE][PASSED] - Object: 'Object Repository/Demo_store/Page_Zack Market/span_Buy Now' is clicked on]]></system-out>
         <system-err><![CDATA[]]></system-err>
      </testcase>
      <system-out><![CDATA[2022-07-14 11:13:36 - [TEST_SUITE][PASSED] - TS_RegressionTest: Test Cases/mytestcase]]></system-out>
      <system-err><![CDATA[]]></system-err>
   </testsuite>
</testsuites>
