<?xml version="1.0" encoding="UTF-8"?>
<testsuites name="Airbnb" time="14.764" tests="1" failures="0" errors="0">
   <testsuite name="Airbnb" tests="1" failures="0" errors="0" time="14.764" skipped="0" timestamp="2022-07-08 10:26:01" hostname="jules - 192.168.2.22" id="Test Suites/Airbnb">
      <properties>
         <property name="deviceName" value=""/>
         <property name="devicePlatform" value=""/>
         <property name="logFolder" value="C:\\Users\\jules\\git\\katalon_demo\\Reports\\20220708_102556\\Airbnb\\20220708_102556"/>
         <property name="logFiles" value="C:\\Users\\jules\\git\\katalon_demo\\Reports\\20220708_102556\\Airbnb\\20220708_102556\\execution0.log"/>
         <property name="attachments" value=""/>
         <property name="hostName" value="jules - 192.168.2.22"/>
         <property name="os" value="Windows 10 64bit"/>
         <property name="katalonVersion" value="8.3.5.208"/>
         <property name="browser" value="Chrome 103.0.5060.114"/>
         <property name="hostAddress" value="192.168.2.22"/>
         <property name="sessionId" value="6cb4ec37a6a08e338c6c69d80766e1ec"/>
         <property name="seleniumVersion" value="3.141.59"/>
         <property name="proxyInformation" value="ProxyInformation { proxyOption=NO_PROXY, proxyServerType=HTTP, username=, password=********, proxyServerAddress=, proxyServerPort=0, executionList=&quot;&quot;, isApplyToDesiredCapabilities=true }"/>
         <property name="platform" value="Windows 10"/>
      </properties>
      <testcase name="Test Cases/Data_Driven_testing/Find a place" time="14.443" classname="Test Cases/Data_Driven_testing/Find a place" status="PASSED">
         <system-out><![CDATA[2022-07-08 10:26:01 - [TEST_CASE][PASSED] - Test Cases/Data_Driven_testing/Find a place: Test Cases/Data_Driven_testing/Find a place

2022-07-08 10:26:02 - [TEST_STEP][PASSED] - openBrowser(""): Browser is opened with url: ''

2022-07-08 10:26:02 - [MESSAGE][INFO] - Starting 'Chrome' driver

2022-07-08 10:26:02 - [MESSAGE][INFO] - Action delay is set to 0 milliseconds

2022-07-08 10:26:04 - [MESSAGE][PASSED] - Browser is opened with url: ''

2022-07-08 10:26:04 - [TEST_STEP][PASSED] - navigateToUrl("https://www.airbnb.ca/?locale=en&_set_bev_on_new_domain=1657288456_NmU1NzQ3MDAzZjY1"): Navigate to 'https://www.airbnb.ca/?locale=en&_set_bev_on_new_domain=1657288456_NmU1NzQ3MDAzZjY1' successfully

2022-07-08 10:26:05 - [MESSAGE][PASSED] - Navigate to 'https://www.airbnb.ca/?locale=en&_set_bev_on_new_domain=1657288456_NmU1NzQ3MDAzZjY1' successfully

2022-07-08 10:26:05 - [TEST_STEP][PASSED] - click(findTestObject("Object Repository/Airbnb pages/Page_Vacation Homes  Condo Rentals - Airbnb_f5c50c/div_Anywhere")): Object: 'Object Repository/Airbnb pages/Page_Vacation Homes  Condo Rentals - Airbnb_f5c50c/div_Anywhere' is clicked on

2022-07-08 10:26:09 - [MESSAGE][PASSED] - Object: 'Object Repository/Airbnb pages/Page_Vacation Homes  Condo Rentals - Airbnb_f5c50c/div_Anywhere' is clicked on

2022-07-08 10:26:09 - [TEST_STEP][PASSED] - setText(findTestObject("Object Repository/Airbnb pages/Page_Vacation Homes  Condo Rentals - Airbnb_f5c50c/input_Where_query"), "Montreal"): Text 'Montreal' is set on object 'Object Repository/Airbnb pages/Page_Vacation Homes  Condo Rentals - Airbnb_f5c50c/input_Where_query'

2022-07-08 10:26:10 - [MESSAGE][PASSED] - Text 'Montreal' is set on object 'Object Repository/Airbnb pages/Page_Vacation Homes  Condo Rentals - Airbnb_f5c50c/input_Where_query'

2022-07-08 10:26:10 - [TEST_STEP][PASSED] - click(findTestObject("Object Repository/Airbnb pages/Page_Vacation Homes  Condo Rentals - Airbnb_f5c50c/div_Toronto, ON")): Object: 'Object Repository/Airbnb pages/Page_Vacation Homes  Condo Rentals - Airbnb_f5c50c/div_Toronto, ON' is clicked on

2022-07-08 10:26:11 - [MESSAGE][PASSED] - Object: 'Object Repository/Airbnb pages/Page_Vacation Homes  Condo Rentals - Airbnb_f5c50c/div_Toronto, ON' is clicked on

2022-07-08 10:26:11 - [TEST_STEP][PASSED] - click(findTestObject("Object Repository/Airbnb pages/Page_Vacation Homes  Condo Rentals - Airbnb_f5c50c/div_22")): Object: 'Object Repository/Airbnb pages/Page_Vacation Homes  Condo Rentals - Airbnb_f5c50c/div_22' is clicked on

2022-07-08 10:26:12 - [MESSAGE][PASSED] - Object: 'Object Repository/Airbnb pages/Page_Vacation Homes  Condo Rentals - Airbnb_f5c50c/div_22' is clicked on

2022-07-08 10:26:12 - [TEST_STEP][PASSED] - click(findTestObject("Object Repository/Airbnb pages/Page_Vacation Homes  Condo Rentals - Airbnb_f5c50c/div_23")): Object: 'Object Repository/Airbnb pages/Page_Vacation Homes  Condo Rentals - Airbnb_f5c50c/div_23' is clicked on

2022-07-08 10:26:12 - [MESSAGE][PASSED] - Object: 'Object Repository/Airbnb pages/Page_Vacation Homes  Condo Rentals - Airbnb_f5c50c/div_23' is clicked on

2022-07-08 10:26:12 - [TEST_STEP][PASSED] - click(findTestObject("Object Repository/Airbnb pages/Page_Vacation Homes  Condo Rentals - Airbnb_f5c50c/span_Add guests__kaq6tx")): Object: 'Object Repository/Airbnb pages/Page_Vacation Homes  Condo Rentals - Airbnb_f5c50c/span_Add guests__kaq6tx' is clicked on

2022-07-08 10:26:13 - [MESSAGE][PASSED] - Object: 'Object Repository/Airbnb pages/Page_Vacation Homes  Condo Rentals - Airbnb_f5c50c/span_Add guests__kaq6tx' is clicked on

2022-07-08 10:26:13 - [TEST_STEP][PASSED] - click(findTestObject("Object Repository/Airbnb pages/Page_Jul. 8, 2022 - Toronto Sublets, Short _3890d7/img_Rare find_FMP-target")): Object: 'Object Repository/Airbnb pages/Page_Jul. 8, 2022 - Toronto Sublets, Short _3890d7/img_Rare find_FMP-target' is clicked on

2022-07-08 10:26:16 - [MESSAGE][PASSED] - Object: 'Object Repository/Airbnb pages/Page_Jul. 8, 2022 - Toronto Sublets, Short _3890d7/img_Rare find_FMP-target' is clicked on]]></system-out>
         <system-err><![CDATA[]]></system-err>
      </testcase>
      <system-out><![CDATA[2022-07-08 10:26:01 - [TEST_SUITE][PASSED] - Airbnb: Test Cases/Data_Driven_testing/Find a place]]></system-out>
      <system-err><![CDATA[]]></system-err>
   </testsuite>
</testsuites>
