<?xml version="1.0" encoding="UTF-8"?>
<testsuites name="Airbnb5" time="12.095" tests="1" failures="0" errors="0">
   <testsuite name="Airbnb5" tests="1" failures="0" errors="0" time="12.095" skipped="0" timestamp="2022-07-14 12:35:39" hostname="jules - 192.168.2.22" id="Test Suites/Airbnb5">
      <properties>
         <property name="deviceName" value=""/>
         <property name="devicePlatform" value=""/>
         <property name="logFolder" value="C:\\Users\\jules\\git\\katalon_demo\\Reports\\20220714_123533\\Airbnb5\\20220714_123534"/>
         <property name="logFiles" value="C:\\Users\\jules\\git\\katalon_demo\\Reports\\20220714_123533\\Airbnb5\\20220714_123534\\execution0.log"/>
         <property name="attachments" value=""/>
         <property name="hostName" value="jules - 192.168.2.22"/>
         <property name="os" value="Windows 10 64bit"/>
         <property name="katalonVersion" value="8.3.5.208"/>
         <property name="browser" value="Chrome 103.0.5060.114"/>
         <property name="hostAddress" value="192.168.2.22"/>
         <property name="sessionId" value="1623710a04c977992f5add2d3a6905ee"/>
         <property name="seleniumVersion" value="3.141.59"/>
         <property name="proxyInformation" value="ProxyInformation { proxyOption=NO_PROXY, proxyServerType=HTTP, username=, password=********, proxyServerAddress=, proxyServerPort=0, executionList=&quot;&quot;, isApplyToDesiredCapabilities=true }"/>
         <property name="platform" value="Windows 10"/>
      </properties>
      <testcase name="Test Cases/Airbnb5" time="11.757" classname="Test Cases/Airbnb5" status="PASSED">
         <system-out><![CDATA[2022-07-14 12:35:40 - [TEST_CASE][PASSED] - Test Cases/Airbnb5: Test Cases/Airbnb5

2022-07-14 12:35:40 - [TEST_STEP][PASSED] - openBrowser(""): Browser is opened with url: ''

2022-07-14 12:35:40 - [MESSAGE][INFO] - Starting 'Chrome' driver

2022-07-14 12:35:40 - [MESSAGE][INFO] - Action delay is set to 0 milliseconds

2022-07-14 12:35:43 - [MESSAGE][PASSED] - Browser is opened with url: ''

2022-07-14 12:35:43 - [TEST_STEP][PASSED] - navigateToUrl("https://www.airbnb.ca/?locale=en&_set_bev_on_new_domain=1657307908_N2QxYzlhYTQxNmIw"): Navigate to 'https://www.airbnb.ca/?locale=en&_set_bev_on_new_domain=1657307908_N2QxYzlhYTQxNmIw' successfully

2022-07-14 12:35:45 - [MESSAGE][PASSED] - Navigate to 'https://www.airbnb.ca/?locale=en&_set_bev_on_new_domain=1657307908_N2QxYzlhYTQxNmIw' successfully

2022-07-14 12:35:45 - [TEST_STEP][PASSED] - click(findTestObject("Object Repository/Airbnb pages/Page_Vacation Homes  Condo Rentals - Airbnb_f5c50c/button_LocationAnywhere")): Object: 'Object Repository/Airbnb pages/Page_Vacation Homes  Condo Rentals - Airbnb_f5c50c/button_LocationAnywhere' is clicked on

2022-07-14 12:35:47 - [MESSAGE][PASSED] - Object: 'Object Repository/Airbnb pages/Page_Vacation Homes  Condo Rentals - Airbnb_f5c50c/button_LocationAnywhere' is clicked on

2022-07-14 12:35:47 - [TEST_STEP][PASSED] - setText(findTestObject("Object Repository/Airbnb pages/Page_Vacation Homes  Condo Rentals - Airbnb_f5c50c/input_Where_query"), "Toronto"): Text 'Toronto' is set on object 'Object Repository/Airbnb pages/Page_Vacation Homes  Condo Rentals - Airbnb_f5c50c/input_Where_query'

2022-07-14 12:35:48 - [MESSAGE][PASSED] - Text 'Toronto' is set on object 'Object Repository/Airbnb pages/Page_Vacation Homes  Condo Rentals - Airbnb_f5c50c/input_Where_query'

2022-07-14 12:35:48 - [TEST_STEP][PASSED] - click(findTestObject("Object Repository/Airbnb pages/Page_Vacation Homes  Condo Rentals - Airbnb_f5c50c/div_Add dates")): Object: 'Object Repository/Airbnb pages/Page_Vacation Homes  Condo Rentals - Airbnb_f5c50c/div_Add dates' is clicked on

2022-07-14 12:35:49 - [MESSAGE][PASSED] - Object: 'Object Repository/Airbnb pages/Page_Vacation Homes  Condo Rentals - Airbnb_f5c50c/div_Add dates' is clicked on

2022-07-14 12:35:49 - [TEST_STEP][PASSED] - click(findTestObject("Object Repository/Airbnb pages/Page_Vacation Homes  Condo Rentals - Airbnb_f5c50c/div_20")): Object: 'Object Repository/Airbnb pages/Page_Vacation Homes  Condo Rentals - Airbnb_f5c50c/div_20' is clicked on

2022-07-14 12:35:50 - [MESSAGE][PASSED] - Object: 'Object Repository/Airbnb pages/Page_Vacation Homes  Condo Rentals - Airbnb_f5c50c/div_20' is clicked on

2022-07-14 12:35:50 - [TEST_STEP][PASSED] - click(findTestObject("Object Repository/Airbnb pages/Page_Vacation Homes  Condo Rentals - Airbnb_f5c50c/div_14")): Object: 'Object Repository/Airbnb pages/Page_Vacation Homes  Condo Rentals - Airbnb_f5c50c/div_14' is clicked on

2022-07-14 12:35:51 - [MESSAGE][PASSED] - Object: 'Object Repository/Airbnb pages/Page_Vacation Homes  Condo Rentals - Airbnb_f5c50c/div_14' is clicked on

2022-07-14 12:35:51 - [TEST_STEP][PASSED] - click(findTestObject("Object Repository/Airbnb pages/Page_Vacation Homes  Condo Rentals - Airbnb_f5c50c/span_Add guests__kaq6tx")): Object: 'Object Repository/Airbnb pages/Page_Vacation Homes  Condo Rentals - Airbnb_f5c50c/span_Add guests__kaq6tx' is clicked on

2022-07-14 12:35:51 - [MESSAGE][PASSED] - Object: 'Object Repository/Airbnb pages/Page_Vacation Homes  Condo Rentals - Airbnb_f5c50c/span_Add guests__kaq6tx' is clicked on]]></system-out>
         <system-err><![CDATA[]]></system-err>
      </testcase>
      <system-out><![CDATA[2022-07-14 12:35:39 - [TEST_SUITE][PASSED] - Airbnb5: Test Cases/Airbnb5]]></system-out>
      <system-err><![CDATA[]]></system-err>
   </testsuite>
</testsuites>
